  HexagonList.cpp
D:\Для учебы\Курсач\Hexagonal\HexagonList.h(16,81): warning C4244:  аргумент: преобразование "double" в "float", возможна потеря данных
D:\Для учебы\Курсач\Hexagonal\HexagonList.h(16,34): warning C4244:  аргумент: преобразование "double" в "float", возможна потеря данных
D:\Для учебы\Курсач\Hexagonal\HexagonList.h(17,81): warning C4244:  аргумент: преобразование "double" в "float", возможна потеря данных
D:\Для учебы\Курсач\Hexagonal\HexagonList.h(17,34): warning C4244:  аргумент: преобразование "double" в "float", возможна потеря данных
D:\Для учебы\Курсач\Hexagonal\HexagonList.h(19,81): warning C4244:  аргумент: преобразование "double" в "float", возможна потеря данных
D:\Для учебы\Курсач\Hexagonal\HexagonList.h(19,34): warning C4244:  аргумент: преобразование "double" в "float", возможна потеря данных
D:\Для учебы\Курсач\Hexagonal\HexagonList.h(20,81): warning C4244:  аргумент: преобразование "double" в "float", возможна потеря данных
D:\Для учебы\Курсач\Hexagonal\HexagonList.h(20,34): warning C4244:  аргумент: преобразование "double" в "float", возможна потеря данных
D:\Для учебы\Курсач\Hexagonal\HexagonList.h(38,60): warning C4244:  аргумент: преобразование "float" в "int", возможна потеря данных
D:\Для учебы\Курсач\Hexagonal\HexagonList.h(38,37): warning C4244:  аргумент: преобразование "float" в "int", возможна потеря данных
D:\Для учебы\Курсач\Hexagonal\HexagonList.h(39,60): warning C4244:  аргумент: преобразование "float" в "int", возможна потеря данных
D:\Для учебы\Курсач\Hexagonal\HexagonList.h(39,36): warning C4244:  аргумент: преобразование "float" в "int", возможна потеря данных
D:\Для учебы\Курсач\Hexagonal\HexagonList.h(40,58): warning C4244:  аргумент: преобразование "float" в "int", возможна потеря данных
D:\Для учебы\Курсач\Hexagonal\HexagonList.h(40,35): warning C4244:  аргумент: преобразование "float" в "int", возможна потеря данных
D:\Для учебы\Курсач\Hexagonal\HexagonList.h(41,58): warning C4244:  аргумент: преобразование "float" в "int", возможна потеря данных
D:\Для учебы\Курсач\Hexagonal\HexagonList.h(41,35): warning C4244:  аргумент: преобразование "float" в "int", возможна потеря данных
D:\Для учебы\Курсач\Hexagonal\HexagonList.h(42,58): warning C4244:  аргумент: преобразование "float" в "int", возможна потеря данных
D:\Для учебы\Курсач\Hexagonal\HexagonList.h(42,35): warning C4244:  аргумент: преобразование "float" в "int", возможна потеря данных
D:\Для учебы\Курсач\Hexagonal\HexagonList.h(43,58): warning C4244:  аргумент: преобразование "float" в "int", возможна потеря данных
D:\Для учебы\Курсач\Hexagonal\HexagonList.h(43,35): warning C4244:  аргумент: преобразование "float" в "int", возможна потеря данных
D:\Для учебы\Курсач\Hexagonal\HexagonList.h(44,58): warning C4244:  аргумент: преобразование "float" в "int", возможна потеря данных
D:\Для учебы\Курсач\Hexagonal\HexagonList.h(44,35): warning C4244:  аргумент: преобразование "float" в "int", возможна потеря данных
D:\Для учебы\Курсач\Hexagonal\HexagonList.h(53,39): warning C4244:  аргумент: преобразование "int" в "float", возможна потеря данных
D:\Для учебы\Курсач\Hexagonal\HexagonList.h(65,63): warning C4244:  =: преобразование "float" в "int", возможна потеря данных
D:\Для учебы\Курсач\Hexagonal\HexagonList.h(66,63): warning C4244:  =: преобразование "float" в "int", возможна потеря данных
D:\Для учебы\Курсач\Hexagonal\HexagonList.h(67,39): warning C4244:  аргумент: преобразование "int" в "float", возможна потеря данных
D:\Для учебы\Курсач\Hexagonal\HexagonList.h(67,28): warning C4244:  аргумент: преобразование "int" в "float", возможна потеря данных
D:\Для учебы\Курсач\Hexagonal\HexagonList.h(68,43): warning C4244:  аргумент: преобразование "int" в "float", возможна потеря данных
D:\Для учебы\Курсач\Hexagonal\HexagonList.h(73,53): warning C4244:  =: преобразование "float" в "int", возможна потеря данных
D:\Для учебы\Курсач\Hexagonal\HexagonList.h(74,53): warning C4244:  =: преобразование "float" в "int", возможна потеря данных
D:\Для учебы\Курсач\Hexagonal\HexagonList.h(75,39): warning C4244:  аргумент: преобразование "int" в "float", возможна потеря данных
D:\Для учебы\Курсач\Hexagonal\HexagonList.h(75,28): warning C4244:  аргумент: преобразование "int" в "float", возможна потеря данных
D:\Для учебы\Курсач\Hexagonal\HexagonList.h(76,43): warning C4244:  аргумент: преобразование "int" в "float", возможна потеря данных
D:\Для учебы\Курсач\Hexagonal\HexagonList.h(81,54): warning C4244:  =: преобразование "float" в "int", возможна потеря данных
D:\Для учебы\Курсач\Hexagonal\HexagonList.h(82,54): warning C4244:  =: преобразование "float" в "int", возможна потеря данных
D:\Для учебы\Курсач\Hexagonal\HexagonList.h(83,39): warning C4244:  аргумент: преобразование "int" в "float", возможна потеря данных
D:\Для учебы\Курсач\Hexagonal\HexagonList.h(83,28): warning C4244:  аргумент: преобразование "int" в "float", возможна потеря данных
  main.cpp
D:\Для учебы\Курсач\Hexagonal\HexagonList.h(84,43): warning C4244:  аргумент: преобразование "int" в "float", возможна потеря данных
D:\Для учебы\Курсач\Hexagonal\HexagonList.h(16,81): warning C4244:  аргумент: преобразование "double" в "float", возможна потеря данных
D:\Для учебы\Курсач\Hexagonal\HexagonList.h(16,34): warning C4244:  аргумент: преобразование "double" в "float", возможна потеря данных
D:\Для учебы\Курсач\Hexagonal\HexagonList.h(17,81): warning C4244:  аргумент: преобразование "double" в "float", возможна потеря данных
D:\Для учебы\Курсач\Hexagonal\HexagonList.h(17,34): warning C4244:  аргумент: преобразование "double" в "float", возможна потеря данных
D:\Для учебы\Курсач\Hexagonal\HexagonList.h(19,81): warning C4244:  аргумент: преобразование "double" в "float", возможна потеря данных
D:\Для учебы\Курсач\Hexagonal\HexagonList.h(19,34): warning C4244:  аргумент: преобразование "double" в "float", возможна потеря данных
D:\Для учебы\Курсач\Hexagonal\HexagonList.h(20,81): warning C4244:  аргумент: преобразование "double" в "float", возможна потеря данных
D:\Для учебы\Курсач\Hexagonal\HexagonList.h(20,34): warning C4244:  аргумент: преобразование "double" в "float", возможна потеря данных
D:\Для учебы\Курсач\Hexagonal\HexagonList.h(38,60): warning C4244:  аргумент: преобразование "float" в "int", возможна потеря данных
D:\Для учебы\Курсач\Hexagonal\HexagonList.h(38,37): warning C4244:  аргумент: преобразование "float" в "int", возможна потеря данных
D:\Для учебы\Курсач\Hexagonal\HexagonList.h(39,60): warning C4244:  аргумент: преобразование "float" в "int", возможна потеря данных
D:\Для учебы\Курсач\Hexagonal\HexagonList.h(39,36): warning C4244:  аргумент: преобразование "float" в "int", возможна потеря данных
D:\Для учебы\Курсач\Hexagonal\HexagonList.h(40,58): warning C4244:  аргумент: преобразование "float" в "int", возможна потеря данных
D:\Для учебы\Курсач\Hexagonal\HexagonList.h(40,35): warning C4244:  аргумент: преобразование "float" в "int", возможна потеря данных
D:\Для учебы\Курсач\Hexagonal\HexagonList.h(41,58): warning C4244:  аргумент: преобразование "float" в "int", возможна потеря данных
D:\Для учебы\Курсач\Hexagonal\HexagonList.h(41,35): warning C4244:  аргумент: преобразование "float" в "int", возможна потеря данных
D:\Для учебы\Курсач\Hexagonal\HexagonList.h(42,58): warning C4244:  аргумент: преобразование "float" в "int", возможна потеря данных
D:\Для учебы\Курсач\Hexagonal\HexagonList.h(42,35): warning C4244:  аргумент: преобразование "float" в "int", возможна потеря данных
D:\Для учебы\Курсач\Hexagonal\HexagonList.h(43,58): warning C4244:  аргумент: преобразование "float" в "int", возможна потеря данных
D:\Для учебы\Курсач\Hexagonal\HexagonList.h(43,35): warning C4244:  аргумент: преобразование "float" в "int", возможна потеря данных
D:\Для учебы\Курсач\Hexagonal\HexagonList.h(44,58): warning C4244:  аргумент: преобразование "float" в "int", возможна потеря данных
D:\Для учебы\Курсач\Hexagonal\HexagonList.h(44,35): warning C4244:  аргумент: преобразование "float" в "int", возможна потеря данных
D:\Для учебы\Курсач\Hexagonal\HexagonList.h(53,39): warning C4244:  аргумент: преобразование "int" в "float", возможна потеря данных
D:\Для учебы\Курсач\Hexagonal\HexagonList.h(65,63): warning C4244:  =: преобразование "float" в "int", возможна потеря данных
D:\Для учебы\Курсач\Hexagonal\HexagonList.h(66,63): warning C4244:  =: преобразование "float" в "int", возможна потеря данных
D:\Для учебы\Курсач\Hexagonal\HexagonList.h(67,39): warning C4244:  аргумент: преобразование "int" в "float", возможна потеря данных
D:\Для учебы\Курсач\Hexagonal\HexagonList.h(67,28): warning C4244:  аргумент: преобразование "int" в "float", возможна потеря данных
D:\Для учебы\Курсач\Hexagonal\HexagonList.h(68,43): warning C4244:  аргумент: преобразование "int" в "float", возможна потеря данных
D:\Для учебы\Курсач\Hexagonal\HexagonList.h(73,53): warning C4244:  =: преобразование "float" в "int", возможна потеря данных
D:\Для учебы\Курсач\Hexagonal\HexagonList.h(74,53): warning C4244:  =: преобразование "float" в "int", возможна потеря данных
D:\Для учебы\Курсач\Hexagonal\HexagonList.h(75,39): warning C4244:  аргумент: преобразование "int" в "float", возможна потеря данных
D:\Для учебы\Курсач\Hexagonal\HexagonList.h(75,28): warning C4244:  аргумент: преобразование "int" в "float", возможна потеря данных
D:\Для учебы\Курсач\Hexagonal\HexagonList.h(76,43): warning C4244:  аргумент: преобразование "int" в "float", возможна потеря данных
D:\Для учебы\Курсач\Hexagonal\HexagonList.h(81,54): warning C4244:  =: преобразование "float" в "int", возможна потеря данных
D:\Для учебы\Курсач\Hexagonal\HexagonList.h(82,54): warning C4244:  =: преобразование "float" в "int", возможна потеря данных
D:\Для учебы\Курсач\Hexagonal\HexagonList.h(83,39): warning C4244:  аргумент: преобразование "int" в "float", возможна потеря данных
D:\Для учебы\Курсач\Hexagonal\HexagonList.h(83,28): warning C4244:  аргумент: преобразование "int" в "float", возможна потеря данных
D:\Для учебы\Курсач\Hexagonal\HexagonList.h(84,43): warning C4244:  аргумент: преобразование "int" в "float", возможна потеря данных
  Создание кода...
D:\Для учебы\Курсач\Hexagonal\main.cpp(25,39): warning C4244:  аргумент: преобразование "float" в "int", возможна потеря данных
  Hexagonal.vcxproj -> D:\Для учебы\Курсач\Hexagonal\Debug\Hexagonal.exe
